{
  "stats": {
    "suites": 9,
    "tests": 9,
    "passes": 9,
    "pending": 0,
    "failures": 0,
    "start": "2022-11-28T12:18:35.639Z",
    "end": "2022-11-28T12:18:36.111Z",
    "duration": 472,
    "testsRegistered": 9,
    "passPercent": 100,
    "pendingPercent": 0,
    "other": 0,
    "hasOther": false,
    "skipped": 0,
    "hasSkipped": false
  },
  "results": [
    {
      "uuid": "8bc80c59-d4c3-4498-91b9-e481c3dd0549",
      "title": "",
      "fullFile": "",
      "file": "",
      "beforeHooks": [],
      "afterHooks": [
        {
          "title": "\"after all\" hook in \"{root}\"",
          "fullTitle": "\"after all\" hook in \"{root}\"",
          "timedOut": false,
          "duration": 1,
          "state": null,
          "speed": null,
          "pass": false,
          "fail": false,
          "pending": false,
          "context": null,
          "code": "done();",
          "err": {},
          "uuid": "49f499e7-b247-4caa-8ddf-877f55400da2",
          "parentUUID": "8bc80c59-d4c3-4498-91b9-e481c3dd0549",
          "isHook": true,
          "skipped": false
        }
      ],
      "tests": [],
      "suites": [
        {
          "uuid": "d56f0cfa-49e6-4cb0-be69-7f807ca3c8fb",
          "title": "POST /api/mekanlar",
          "fullFile": "C:\\Users\\Ali_Klnai\\Desktop\\mekanbul\\test.js",
          "file": "\\test.js",
          "beforeHooks": [],
          "afterHooks": [],
          "tests": [
            {
              "title": "Yeni mekan ekle:",
              "fullTitle": "POST /api/mekanlar Yeni mekan ekle:",
              "timedOut": false,
              "duration": 126,
              "state": "passed",
              "speed": "slow",
              "pass": true,
              "fail": false,
              "pending": false,
              "context": null,
              "code": "const response = await request.post(\"/api/mekanlar\").send({\n    ad: \"Starbucks\",\n    adres: \"Centrum Garden\",\n    puan: 5,\n    imkanlar: \"çay,kahve,pasta\",\n    enlem: 37.83226584629666,\n    boylam: 30.524732239878013,\n    gunler1: \"Pazartesi-Cuma\",\n    acilis1: \"9:00\",\n    kapanis1: \"23:00\",\n    kapali1: false,\n    gunler2: \"Cumartesi-Pazar\",\n    acilis2: \"11:00\",\n    kapanis2: \"17:00\",\n    kapali2: false,\n});\nexpect(response.status).to.eql(201);\nprocess.env.mekanid = response.body._id;",
              "err": {},
              "uuid": "2f85c24e-399c-43c1-a3c3-10bdb9772d12",
              "parentUUID": "d56f0cfa-49e6-4cb0-be69-7f807ca3c8fb",
              "isHook": false,
              "skipped": false
            }
          ],
          "suites": [],
          "passes": [
            "2f85c24e-399c-43c1-a3c3-10bdb9772d12"
          ],
          "failures": [],
          "pending": [],
          "skipped": [],
          "duration": 126,
          "root": false,
          "rootEmpty": false,
          "_timeout": 10000
        },
        {
          "uuid": "f4a65a1d-3f5c-4af5-b5a9-3511fb2ff0f5",
          "title": "GET /api/mekanlar",
          "fullFile": "C:\\Users\\Ali_Klnai\\Desktop\\mekanbul\\test.js",
          "file": "\\test.js",
          "beforeHooks": [],
          "afterHooks": [],
          "tests": [
            {
              "title": "Girilen konum civarındaki tüm mekanları listele:",
              "fullTitle": "GET /api/mekanlar Girilen konum civarındaki tüm mekanları listele:",
              "timedOut": false,
              "duration": 39,
              "state": "passed",
              "speed": "medium",
              "pass": true,
              "fail": false,
              "pending": false,
              "context": null,
              "code": "const response = await request.get(\"/api/mekanlar?enlem=37&boylam=35\");\nexpect(response.status).to.eql(200);",
              "err": {},
              "uuid": "fc6096c1-8e0c-497e-a6b4-f3fec7fbcbba",
              "parentUUID": "f4a65a1d-3f5c-4af5-b5a9-3511fb2ff0f5",
              "isHook": false,
              "skipped": false
            }
          ],
          "suites": [],
          "passes": [
            "fc6096c1-8e0c-497e-a6b4-f3fec7fbcbba"
          ],
          "failures": [],
          "pending": [],
          "skipped": [],
          "duration": 39,
          "root": false,
          "rootEmpty": false,
          "_timeout": 10000
        },
        {
          "uuid": "bf8cc22b-5bb4-42a7-8c55-cff42997426d",
          "title": "GET /api/mekanlar/:mekanid",
          "fullFile": "C:\\Users\\Ali_Klnai\\Desktop\\mekanbul\\test.js",
          "file": "\\test.js",
          "beforeHooks": [],
          "afterHooks": [],
          "tests": [
            {
              "title": "Mekan getir:",
              "fullTitle": "GET /api/mekanlar/:mekanid Mekan getir:",
              "timedOut": false,
              "duration": 19,
              "state": "passed",
              "speed": "fast",
              "pass": true,
              "fail": false,
              "pending": false,
              "context": null,
              "code": "const response = await request.get(`/api/mekanlar/${process.env.mekanid}`);\nexpect(response.status).to.eql(200);",
              "err": {},
              "uuid": "320077ac-b7b9-4775-bc56-4187e43ce734",
              "parentUUID": "bf8cc22b-5bb4-42a7-8c55-cff42997426d",
              "isHook": false,
              "skipped": false
            }
          ],
          "suites": [],
          "passes": [
            "320077ac-b7b9-4775-bc56-4187e43ce734"
          ],
          "failures": [],
          "pending": [],
          "skipped": [],
          "duration": 19,
          "root": false,
          "rootEmpty": false,
          "_timeout": 10000
        },
        {
          "uuid": "6d9a0188-c505-4bed-8f3e-4398e208fe81",
          "title": "PUT /api/mekanlar/:mekanid",
          "fullFile": "C:\\Users\\Ali_Klnai\\Desktop\\mekanbul\\test.js",
          "file": "\\test.js",
          "beforeHooks": [],
          "afterHooks": [],
          "tests": [
            {
              "title": "Mekan Güncelle:",
              "fullTitle": "PUT /api/mekanlar/:mekanid Mekan Güncelle:",
              "timedOut": false,
              "duration": 48,
              "state": "passed",
              "speed": "medium",
              "pass": true,
              "fail": false,
              "pending": false,
              "context": null,
              "code": "const response = await request\n    .put(`/api/mekanlar/${process.env.mekanid}`)\n    .send({\n        ad: \"Starbucks SDÜ\",\n        adres: \"SDÜ Doğu Kampüsü\",\n        puan: 3,\n        imkanlar: \"çay,kahve,pasta,refresher\",\n        enlem: 37.8,\n        boylam: 30.5,\n        gunler1: \"Pazartesi-Cuma\",\n        acilis1: \"9:10\",\n        kapanis1: \"23:10\",\n        kapali1: true,\n        gunler2: \"Cumartesi-Pazar\",\n        acilis2: \"11:10\",\n        kapanis2: \"17:10\",\n        kapali2: true,\n    });\nexpect(response.status).to.eql(200);",
              "err": {},
              "uuid": "94282ed8-97e0-4db1-a95a-b231d9676024",
              "parentUUID": "6d9a0188-c505-4bed-8f3e-4398e208fe81",
              "isHook": false,
              "skipped": false
            }
          ],
          "suites": [],
          "passes": [
            "94282ed8-97e0-4db1-a95a-b231d9676024"
          ],
          "failures": [],
          "pending": [],
          "skipped": [],
          "duration": 48,
          "root": false,
          "rootEmpty": false,
          "_timeout": 10000
        },
        {
          "uuid": "88bdb2d0-3d12-4d3a-9da4-e78367ab5900",
          "title": "POST /api/mekanlar/:mekanid/yorumlar",
          "fullFile": "C:\\Users\\Ali_Klnai\\Desktop\\mekanbul\\test.js",
          "file": "\\test.js",
          "beforeHooks": [],
          "afterHooks": [],
          "tests": [
            {
              "title": "Yorum ekle:",
              "fullTitle": "POST /api/mekanlar/:mekanid/yorumlar Yorum ekle:",
              "timedOut": false,
              "duration": 36,
              "state": "passed",
              "speed": "fast",
              "pass": true,
              "fail": false,
              "pending": false,
              "context": null,
              "code": "const response = await request\n    .post(`/api/mekanlar/${process.env.mekanid}/yorumlar`)\n    .send({\n        yorumYapan: \"ASY\",\n        puan: 5,\n        yorumMetni: \"Kahveler harika\",\n    });\nprocess.env.yorumid = response.body._id;\nexpect(response.status).to.eql(201);",
              "err": {},
              "uuid": "5f1623c2-2050-4522-a03d-19613b06b122",
              "parentUUID": "88bdb2d0-3d12-4d3a-9da4-e78367ab5900",
              "isHook": false,
              "skipped": false
            }
          ],
          "suites": [],
          "passes": [
            "5f1623c2-2050-4522-a03d-19613b06b122"
          ],
          "failures": [],
          "pending": [],
          "skipped": [],
          "duration": 36,
          "root": false,
          "rootEmpty": false,
          "_timeout": 10000
        },
        {
          "uuid": "60f8624a-f9fb-426a-b99c-039234f7f945",
          "title": "GET /api/mekanlar/:mekanid/yorumlar/:yorumid",
          "fullFile": "C:\\Users\\Ali_Klnai\\Desktop\\mekanbul\\test.js",
          "file": "\\test.js",
          "beforeHooks": [],
          "afterHooks": [],
          "tests": [
            {
              "title": "Yorum getir:",
              "fullTitle": "GET /api/mekanlar/:mekanid/yorumlar/:yorumid Yorum getir:",
              "timedOut": false,
              "duration": 31,
              "state": "passed",
              "speed": "fast",
              "pass": true,
              "fail": false,
              "pending": false,
              "context": null,
              "code": "const response = await request.get(\n    `/api/mekanlar/${process.env.mekanid}/yorumlar/${process.env.yorumid}`\n);\nexpect(response.status).to.eql(200);",
              "err": {},
              "uuid": "26216484-ef1b-43de-a5a0-a8ae27cbe61c",
              "parentUUID": "60f8624a-f9fb-426a-b99c-039234f7f945",
              "isHook": false,
              "skipped": false
            }
          ],
          "suites": [],
          "passes": [
            "26216484-ef1b-43de-a5a0-a8ae27cbe61c"
          ],
          "failures": [],
          "pending": [],
          "skipped": [],
          "duration": 31,
          "root": false,
          "rootEmpty": false,
          "_timeout": 10000
        },
        {
          "uuid": "43406e90-f66e-483a-917b-b81b12fd2934",
          "title": "PUT /api/mekanlar/:mekanid/yorumlar/:yorumid",
          "fullFile": "C:\\Users\\Ali_Klnai\\Desktop\\mekanbul\\test.js",
          "file": "\\test.js",
          "beforeHooks": [],
          "afterHooks": [],
          "tests": [
            {
              "title": "Yorum güncelle:",
              "fullTitle": "PUT /api/mekanlar/:mekanid/yorumlar/:yorumid Yorum güncelle:",
              "timedOut": false,
              "duration": 34,
              "state": "passed",
              "speed": "fast",
              "pass": true,
              "fail": false,
              "pending": false,
              "context": null,
              "code": "const response = await request\n    .put(\n        `/api/mekanlar/${process.env.mekanid}/yorumlar/${process.env.yorumid}`\n    )\n    .send({\n        yorumYapan: \"Sinan\",\n        puan: 4,\n        yorumMetni: \"Kahveler harikaaaa\",\n    });\nexpect(response.status).to.eql(200);",
              "err": {},
              "uuid": "3f3be584-8fd8-4a06-a414-68548780ecce",
              "parentUUID": "43406e90-f66e-483a-917b-b81b12fd2934",
              "isHook": false,
              "skipped": false
            }
          ],
          "suites": [],
          "passes": [
            "3f3be584-8fd8-4a06-a414-68548780ecce"
          ],
          "failures": [],
          "pending": [],
          "skipped": [],
          "duration": 34,
          "root": false,
          "rootEmpty": false,
          "_timeout": 10000
        },
        {
          "uuid": "2a097a7a-9141-4623-a720-f38e8bdff559",
          "title": "DELETE /api/mekanlar/:mekanid/yorumlar/:yorumid",
          "fullFile": "C:\\Users\\Ali_Klnai\\Desktop\\mekanbul\\test.js",
          "file": "\\test.js",
          "beforeHooks": [],
          "afterHooks": [],
          "tests": [
            {
              "title": "Yorum sil:",
              "fullTitle": "DELETE /api/mekanlar/:mekanid/yorumlar/:yorumid Yorum sil:",
              "timedOut": false,
              "duration": 33,
              "state": "passed",
              "speed": "fast",
              "pass": true,
              "fail": false,
              "pending": false,
              "context": null,
              "code": "const response = await request.delete(\n    `/api/mekanlar/${process.env.mekanid}/yorumlar/${process.env.yorumid}`\n);\nexpect(response.status).to.eql(200);",
              "err": {},
              "uuid": "70358b81-0133-4008-bcf8-00d6072866c4",
              "parentUUID": "2a097a7a-9141-4623-a720-f38e8bdff559",
              "isHook": false,
              "skipped": false
            }
          ],
          "suites": [],
          "passes": [
            "70358b81-0133-4008-bcf8-00d6072866c4"
          ],
          "failures": [],
          "pending": [],
          "skipped": [],
          "duration": 33,
          "root": false,
          "rootEmpty": false,
          "_timeout": 10000
        },
        {
          "uuid": "1ef0fc09-eabd-4f02-9bdc-4eaa9a1af4d1",
          "title": "DELETE /api/mekanlar/:mekanid",
          "fullFile": "C:\\Users\\Ali_Klnai\\Desktop\\mekanbul\\test.js",
          "file": "\\test.js",
          "beforeHooks": [],
          "afterHooks": [],
          "tests": [
            {
              "title": "Mekan sil:",
              "fullTitle": "DELETE /api/mekanlar/:mekanid Mekan sil:",
              "timedOut": false,
              "duration": 22,
              "state": "passed",
              "speed": "fast",
              "pass": true,
              "fail": false,
              "pending": false,
              "context": null,
              "code": "const response = await request.delete(\n    `/api/mekanlar/${process.env.mekanid}`\n);\nexpect(response.status).to.eql(200);",
              "err": {},
              "uuid": "ce2df0da-323d-4751-8d11-001dfd679b1e",
              "parentUUID": "1ef0fc09-eabd-4f02-9bdc-4eaa9a1af4d1",
              "isHook": false,
              "skipped": false
            }
          ],
          "suites": [],
          "passes": [
            "ce2df0da-323d-4751-8d11-001dfd679b1e"
          ],
          "failures": [],
          "pending": [],
          "skipped": [],
          "duration": 22,
          "root": false,
          "rootEmpty": false,
          "_timeout": 10000
        }
      ],
      "passes": [],
      "failures": [],
      "pending": [],
      "skipped": [],
      "duration": 0,
      "root": true,
      "rootEmpty": true,
      "_timeout": 10000
    }
  ],
  "meta": {
    "mocha": {
      "version": "10.1.0"
    },
    "mochawesome": {
      "options": {
        "quiet": false,
        "reportFilename": "mochawesome",
        "saveHtml": true,
        "saveJson": true,
        "consoleReporter": "spec",
        "useInlineDiffs": false,
        "code": true
      },
      "version": "7.1.3"
    },
    "marge": {
      "options": null,
      "version": "6.2.0"
    }
  }
}