{
  "stats": {
    "suites": 9,
    "tests": 9,
    "passes": 9,
    "pending": 0,
    "failures": 0,
    "start": "2022-11-28T11:56:22.057Z",
    "end": "2022-11-28T11:56:22.791Z",
    "duration": 734,
    "testsRegistered": 9,
    "passPercent": 100,
    "pendingPercent": 0,
    "other": 0,
    "hasOther": false,
    "skipped": 0,
    "hasSkipped": false
  },
  "results": [
    {
      "uuid": "c4032c8a-cf20-4337-a284-3cfa3f90bb04",
      "title": "",
      "fullFile": "",
      "file": "",
      "beforeHooks": [],
      "afterHooks": [
        {
          "title": "\"after all\" hook in \"{root}\"",
          "fullTitle": "\"after all\" hook in \"{root}\"",
          "timedOut": false,
          "duration": 1,
          "state": null,
          "speed": null,
          "pass": false,
          "fail": false,
          "pending": false,
          "context": null,
          "code": "done();",
          "err": {},
          "uuid": "3ce4e0ee-3816-485c-92d5-89ab1db0f716",
          "parentUUID": "c4032c8a-cf20-4337-a284-3cfa3f90bb04",
          "isHook": true,
          "skipped": false
        }
      ],
      "tests": [],
      "suites": [
        {
          "uuid": "427d011a-b218-4e33-95ed-b1cc2dc5f9a3",
          "title": "POST /api/mekanlar",
          "fullFile": "C:\\Users\\Ali_Klnai\\Desktop\\mekanbul\\test.js",
          "file": "\\test.js",
          "beforeHooks": [],
          "afterHooks": [],
          "tests": [
            {
              "title": "Yeni mekan ekle:",
              "fullTitle": "POST /api/mekanlar Yeni mekan ekle:",
              "timedOut": false,
              "duration": 252,
              "state": "passed",
              "speed": "slow",
              "pass": true,
              "fail": false,
              "pending": false,
              "context": null,
              "code": "const response = await request.post(\"/api/mekanlar\").send({\n    ad: \"Starbucks\",\n    adres: \"Centrum Garden\",\n    puan: 5,\n    imkanlar: \"çay,kahve,pasta\",\n    enlem: 37.83226584629666,\n    boylam: 30.524732239878013,\n    gunler1: \"Pazartesi-Cuma\",\n    acilis1: \"9:00\",\n    kapanis1: \"23:00\",\n    kapali1: false,\n    gunler2: \"Cumartesi-Pazar\",\n    acilis2: \"11:00\",\n    kapanis2: \"17:00\",\n    kapali2: false,\n});\nexpect(response.status).to.eql(201);\nprocess.env.mekanid = response.body._id;",
              "err": {},
              "uuid": "dea89bb1-d81e-4add-bc50-478c8e5dfadf",
              "parentUUID": "427d011a-b218-4e33-95ed-b1cc2dc5f9a3",
              "isHook": false,
              "skipped": false
            }
          ],
          "suites": [],
          "passes": [
            "dea89bb1-d81e-4add-bc50-478c8e5dfadf"
          ],
          "failures": [],
          "pending": [],
          "skipped": [],
          "duration": 252,
          "root": false,
          "rootEmpty": false,
          "_timeout": 10000
        },
        {
          "uuid": "4e3302ae-3189-46f3-8c91-d3c19e98f88d",
          "title": "GET /api/mekanlar",
          "fullFile": "C:\\Users\\Ali_Klnai\\Desktop\\mekanbul\\test.js",
          "file": "\\test.js",
          "beforeHooks": [],
          "afterHooks": [],
          "tests": [
            {
              "title": "Girilen konum civarındaki tüm mekanları listele:",
              "fullTitle": "GET /api/mekanlar Girilen konum civarındaki tüm mekanları listele:",
              "timedOut": false,
              "duration": 69,
              "state": "passed",
              "speed": "medium",
              "pass": true,
              "fail": false,
              "pending": false,
              "context": null,
              "code": "const response = await request.get(\"/api/mekanlar?enlem=37&boylam=35\");\nexpect(response.status).to.eql(200);",
              "err": {},
              "uuid": "cd03d59a-302b-41f3-b373-cfdce39b4fe7",
              "parentUUID": "4e3302ae-3189-46f3-8c91-d3c19e98f88d",
              "isHook": false,
              "skipped": false
            }
          ],
          "suites": [],
          "passes": [
            "cd03d59a-302b-41f3-b373-cfdce39b4fe7"
          ],
          "failures": [],
          "pending": [],
          "skipped": [],
          "duration": 69,
          "root": false,
          "rootEmpty": false,
          "_timeout": 10000
        },
        {
          "uuid": "b0814108-c1fc-4e4f-8555-86f4c6dcf00b",
          "title": "GET /api/mekanlar/:mekanid",
          "fullFile": "C:\\Users\\Ali_Klnai\\Desktop\\mekanbul\\test.js",
          "file": "\\test.js",
          "beforeHooks": [],
          "afterHooks": [],
          "tests": [
            {
              "title": "Mekan getir:",
              "fullTitle": "GET /api/mekanlar/:mekanid Mekan getir:",
              "timedOut": false,
              "duration": 52,
              "state": "passed",
              "speed": "medium",
              "pass": true,
              "fail": false,
              "pending": false,
              "context": null,
              "code": "const response = await request.get(`/api/mekanlar/${process.env.mekanid}`);\nexpect(response.status).to.eql(200);",
              "err": {},
              "uuid": "6347a9ef-c1e4-4a0f-a15f-644a45adddae",
              "parentUUID": "b0814108-c1fc-4e4f-8555-86f4c6dcf00b",
              "isHook": false,
              "skipped": false
            }
          ],
          "suites": [],
          "passes": [
            "6347a9ef-c1e4-4a0f-a15f-644a45adddae"
          ],
          "failures": [],
          "pending": [],
          "skipped": [],
          "duration": 52,
          "root": false,
          "rootEmpty": false,
          "_timeout": 10000
        },
        {
          "uuid": "203aeef6-e9e2-4b3a-9c24-be636584ca70",
          "title": "PUT /api/mekanlar/:mekanid",
          "fullFile": "C:\\Users\\Ali_Klnai\\Desktop\\mekanbul\\test.js",
          "file": "\\test.js",
          "beforeHooks": [],
          "afterHooks": [],
          "tests": [
            {
              "title": "Mekan Güncelle:",
              "fullTitle": "PUT /api/mekanlar/:mekanid Mekan Güncelle:",
              "timedOut": false,
              "duration": 66,
              "state": "passed",
              "speed": "medium",
              "pass": true,
              "fail": false,
              "pending": false,
              "context": null,
              "code": "const response = await request\n    .put(`/api/mekanlar/${process.env.mekanid}`)\n    .send({\n        ad: \"Starbucks SDÜ\",\n        adres: \"SDÜ Doğu Kampüsü\",\n        puan: 3,\n        imkanlar: \"çay,kahve,pasta,refresher\",\n        enlem: 37.8,\n        boylam: 30.5,\n        gunler1: \"Pazartesi-Cuma\",\n        acilis1: \"9:10\",\n        kapanis1: \"23:10\",\n        kapali1: true,\n        gunler2: \"Cumartesi-Pazar\",\n        acilis2: \"11:10\",\n        kapanis2: \"17:10\",\n        kapali2: true,\n    });\nexpect(response.status).to.eql(200);",
              "err": {},
              "uuid": "d0258122-62a2-40cd-8d04-5fee0477169c",
              "parentUUID": "203aeef6-e9e2-4b3a-9c24-be636584ca70",
              "isHook": false,
              "skipped": false
            }
          ],
          "suites": [],
          "passes": [
            "d0258122-62a2-40cd-8d04-5fee0477169c"
          ],
          "failures": [],
          "pending": [],
          "skipped": [],
          "duration": 66,
          "root": false,
          "rootEmpty": false,
          "_timeout": 10000
        },
        {
          "uuid": "b899f045-a1b2-4f24-8913-502b4a8425dd",
          "title": "POST /api/mekanlar/:mekanid/yorumlar",
          "fullFile": "C:\\Users\\Ali_Klnai\\Desktop\\mekanbul\\test.js",
          "file": "\\test.js",
          "beforeHooks": [],
          "afterHooks": [],
          "tests": [
            {
              "title": "Yorum ekle:",
              "fullTitle": "POST /api/mekanlar/:mekanid/yorumlar Yorum ekle:",
              "timedOut": false,
              "duration": 49,
              "state": "passed",
              "speed": "medium",
              "pass": true,
              "fail": false,
              "pending": false,
              "context": null,
              "code": "const response = await request\n    .post(`/api/mekanlar/${process.env.mekanid}/yorumlar`)\n    .send({\n        yorumYapan: \"ASY\",\n        puan: 5,\n        yorumMetni: \"Kahveler harika\",\n    });\nprocess.env.yorumid = response.body._id;\nexpect(response.status).to.eql(201);",
              "err": {},
              "uuid": "28e12fa2-b0bd-4523-b510-20b680465938",
              "parentUUID": "b899f045-a1b2-4f24-8913-502b4a8425dd",
              "isHook": false,
              "skipped": false
            }
          ],
          "suites": [],
          "passes": [
            "28e12fa2-b0bd-4523-b510-20b680465938"
          ],
          "failures": [],
          "pending": [],
          "skipped": [],
          "duration": 49,
          "root": false,
          "rootEmpty": false,
          "_timeout": 10000
        },
        {
          "uuid": "3eb6302e-8c56-492e-93e5-191bb290df98",
          "title": "GET /api/mekanlar/:mekanid/yorumlar/:yorumid",
          "fullFile": "C:\\Users\\Ali_Klnai\\Desktop\\mekanbul\\test.js",
          "file": "\\test.js",
          "beforeHooks": [],
          "afterHooks": [],
          "tests": [
            {
              "title": "Yorum getir:",
              "fullTitle": "GET /api/mekanlar/:mekanid/yorumlar/:yorumid Yorum getir:",
              "timedOut": false,
              "duration": 42,
              "state": "passed",
              "speed": "medium",
              "pass": true,
              "fail": false,
              "pending": false,
              "context": null,
              "code": "const response = await request.get(\n    `/api/mekanlar/${process.env.mekanid}/yorumlar/${process.env.yorumid}`\n);\nexpect(response.status).to.eql(200);",
              "err": {},
              "uuid": "2c4dc9f6-2702-454d-bfb6-0eb7a30865c9",
              "parentUUID": "3eb6302e-8c56-492e-93e5-191bb290df98",
              "isHook": false,
              "skipped": false
            }
          ],
          "suites": [],
          "passes": [
            "2c4dc9f6-2702-454d-bfb6-0eb7a30865c9"
          ],
          "failures": [],
          "pending": [],
          "skipped": [],
          "duration": 42,
          "root": false,
          "rootEmpty": false,
          "_timeout": 10000
        },
        {
          "uuid": "3568f4bc-e863-40b6-af9b-99d2b8e10883",
          "title": "PUT /api/mekanlar/:mekanid/yorumlar/:yorumid",
          "fullFile": "C:\\Users\\Ali_Klnai\\Desktop\\mekanbul\\test.js",
          "file": "\\test.js",
          "beforeHooks": [],
          "afterHooks": [],
          "tests": [
            {
              "title": "Yorum güncelle:",
              "fullTitle": "PUT /api/mekanlar/:mekanid/yorumlar/:yorumid Yorum güncelle:",
              "timedOut": false,
              "duration": 46,
              "state": "passed",
              "speed": "medium",
              "pass": true,
              "fail": false,
              "pending": false,
              "context": null,
              "code": "const response = await request\n    .put(\n        `/api/mekanlar/${process.env.mekanid}/yorumlar/${process.env.yorumid}`\n    )\n    .send({\n        yorumYapan: \"Sinan\",\n        puan: 4,\n        yorumMetni: \"Kahveler harikaaaa\",\n    });\nexpect(response.status).to.eql(200);",
              "err": {},
              "uuid": "30baf487-4ca2-4b32-8e19-9c5d709895af",
              "parentUUID": "3568f4bc-e863-40b6-af9b-99d2b8e10883",
              "isHook": false,
              "skipped": false
            }
          ],
          "suites": [],
          "passes": [
            "30baf487-4ca2-4b32-8e19-9c5d709895af"
          ],
          "failures": [],
          "pending": [],
          "skipped": [],
          "duration": 46,
          "root": false,
          "rootEmpty": false,
          "_timeout": 10000
        },
        {
          "uuid": "188efca8-28ca-4347-b00a-2ce55b813dcf",
          "title": "DELETE /api/mekanlar/:mekanid/yorumlar/:yorumid",
          "fullFile": "C:\\Users\\Ali_Klnai\\Desktop\\mekanbul\\test.js",
          "file": "\\test.js",
          "beforeHooks": [],
          "afterHooks": [],
          "tests": [
            {
              "title": "Yorum sil:",
              "fullTitle": "DELETE /api/mekanlar/:mekanid/yorumlar/:yorumid Yorum sil:",
              "timedOut": false,
              "duration": 37,
              "state": "passed",
              "speed": "fast",
              "pass": true,
              "fail": false,
              "pending": false,
              "context": null,
              "code": "const response = await request.delete(\n    `/api/mekanlar/${process.env.mekanid}/yorumlar/${process.env.yorumid}`\n);\nexpect(response.status).to.eql(200);",
              "err": {},
              "uuid": "1a808b07-34ad-45b1-b932-6079aa7971f8",
              "parentUUID": "188efca8-28ca-4347-b00a-2ce55b813dcf",
              "isHook": false,
              "skipped": false
            }
          ],
          "suites": [],
          "passes": [
            "1a808b07-34ad-45b1-b932-6079aa7971f8"
          ],
          "failures": [],
          "pending": [],
          "skipped": [],
          "duration": 37,
          "root": false,
          "rootEmpty": false,
          "_timeout": 10000
        },
        {
          "uuid": "f9e59637-db53-4a2f-90df-70c46ad2cb57",
          "title": "DELETE /api/mekanlar/:mekanid",
          "fullFile": "C:\\Users\\Ali_Klnai\\Desktop\\mekanbul\\test.js",
          "file": "\\test.js",
          "beforeHooks": [],
          "afterHooks": [],
          "tests": [
            {
              "title": "Mekan sil:",
              "fullTitle": "DELETE /api/mekanlar/:mekanid Mekan sil:",
              "timedOut": false,
              "duration": 37,
              "state": "passed",
              "speed": "fast",
              "pass": true,
              "fail": false,
              "pending": false,
              "context": null,
              "code": "const response = await request.delete(\n    `/api/mekanlar/${process.env.mekanid}`\n);\nexpect(response.status).to.eql(200);",
              "err": {},
              "uuid": "93c5da07-6474-4ce0-b406-bf6bf043ef1c",
              "parentUUID": "f9e59637-db53-4a2f-90df-70c46ad2cb57",
              "isHook": false,
              "skipped": false
            }
          ],
          "suites": [],
          "passes": [
            "93c5da07-6474-4ce0-b406-bf6bf043ef1c"
          ],
          "failures": [],
          "pending": [],
          "skipped": [],
          "duration": 37,
          "root": false,
          "rootEmpty": false,
          "_timeout": 10000
        }
      ],
      "passes": [],
      "failures": [],
      "pending": [],
      "skipped": [],
      "duration": 0,
      "root": true,
      "rootEmpty": true,
      "_timeout": 10000
    }
  ],
  "meta": {
    "mocha": {
      "version": "10.1.0"
    },
    "mochawesome": {
      "options": {
        "quiet": false,
        "reportFilename": "mochawesome",
        "saveHtml": true,
        "saveJson": true,
        "consoleReporter": "spec",
        "useInlineDiffs": false,
        "code": true
      },
      "version": "7.1.3"
    },
    "marge": {
      "options": null,
      "version": "6.2.0"
    }
  }
}